{"/home/terry/myProjects/react-starter/src/actions/appActions.js": {"path":"/home/terry/myProjects/react-starter/src/actions/appActions.js","statementMap":{"0":{"start":{"line":1,"column":10},"end":{"line":1,"column":32}},"1":{"start":{"line":4,"column":1},"end":{"line":7,"column":2}}},"fnMap":{"0":{"name":"testAction","decl":{"start":{"line":3,"column":16},"end":{"line":3,"column":26}},"loc":{"start":{"line":3,"column":39},"end":{"line":8,"column":1}},"line":3}},"branchMap":{},"s":{"0":2,"1":1},"f":{"0":1},"b":{},"_coverageSchema":"43e27e138ebf9cfc5966b082cf9a028302ed4184","hash":"d30dbc3dc2f9484121278e645f3d4970da347421"}
,"/home/terry/myProjects/react-starter/src/actions/types.js": {"path":"/home/terry/myProjects/react-starter/src/actions/types.js","statementMap":{"0":{"start":{"line":1,"column":19},"end":{"line":3,"column":1}}},"fnMap":{},"branchMap":{},"s":{"0":2},"f":{},"b":{},"_coverageSchema":"43e27e138ebf9cfc5966b082cf9a028302ed4184","hash":"7b188c0932a99d24ce001a2c5e295cda9ad255b2"}
,"/home/terry/myProjects/react-starter/src/lib/math.js": {"path":"/home/terry/myProjects/react-starter/src/lib/math.js","statementMap":{"0":{"start":{"line":2,"column":14},"end":{"line":2,"column":15}},"1":{"start":{"line":3,"column":1},"end":{"line":7,"column":2}},"2":{"start":{"line":3,"column":14},"end":{"line":3,"column":15}},"3":{"start":{"line":4,"column":4},"end":{"line":6,"column":5}},"4":{"start":{"line":5,"column":5},"end":{"line":5,"column":36}},"5":{"start":{"line":8,"column":1},"end":{"line":8,"column":15}}},"fnMap":{"0":{"name":"sum","decl":{"start":{"line":1,"column":16},"end":{"line":1,"column":19}},"loc":{"start":{"line":1,"column":26},"end":{"line":9,"column":1}},"line":1}},"branchMap":{"0":{"loc":{"start":{"line":4,"column":4},"end":{"line":6,"column":5}},"type":"if","locations":[{"start":{"line":4,"column":4},"end":{"line":6,"column":5}},{"start":{"line":4,"column":4},"end":{"line":6,"column":5}}],"line":4}},"s":{"0":3,"1":3,"2":3,"3":9,"4":8,"5":3},"f":{"0":3},"b":{"0":[8,1]},"_coverageSchema":"43e27e138ebf9cfc5966b082cf9a028302ed4184","hash":"8a8ab8d902413829ad177a1d486c239c6e86e253"}
,"/home/terry/myProjects/react-starter/src/routes/App/index.js": {"path":"/home/terry/myProjects/react-starter/src/routes/App/index.js","statementMap":{"0":{"start":{"line":8,"column":2},"end":{"line":12,"column":4}},"1":{"start":{"line":17,"column":1},"end":{"line":17,"column":31}},"2":{"start":{"line":18,"column":1},"end":{"line":20,"column":3}}},"fnMap":{"0":{"name":"(anonymous_0)","decl":{"start":{"line":7,"column":1},"end":{"line":7,"column":2}},"loc":{"start":{"line":7,"column":10},"end":{"line":13,"column":2}},"line":7},"1":{"name":"mapStateToProps","decl":{"start":{"line":16,"column":9},"end":{"line":16,"column":24}},"loc":{"start":{"line":16,"column":32},"end":{"line":21,"column":1}},"line":16}},"branchMap":{"0":{"loc":{"start":{"line":10,"column":11},"end":{"line":10,"column":64}},"type":"cond-expr","locations":[{"start":{"line":10,"column":42},"end":{"line":10,"column":57}},{"start":{"line":10,"column":60},"end":{"line":10,"column":64}}],"line":10}},"s":{"0":1,"1":0,"2":0},"f":{"0":1,"1":0},"b":{"0":[1,0]},"_coverageSchema":"43e27e138ebf9cfc5966b082cf9a028302ed4184","hash":"1bd57566434f67a4710af3bae4f2a9e3d06d1b9e"}
}
