TN:
SF:/home/terry/myProjects/react-starter/src/actions/appActions.js
FN:3,testAction
FNF:1
FNH:1
FNDA:1,testAction
DA:1,2
DA:4,1
LF:2
LH:2
BRF:0
BRH:0
end_of_record
TN:
SF:/home/terry/myProjects/react-starter/src/actions/types.js
FNF:0
FNH:0
DA:1,2
LF:1
LH:1
BRF:0
BRH:0
end_of_record
TN:
SF:/home/terry/myProjects/react-starter/src/lib/math.js
FN:1,sum
FNF:1
FNH:1
FNDA:3,sum
DA:2,3
DA:3,3
DA:4,9
DA:5,8
DA:8,3
LF:5
LH:5
BRDA:4,0,0,8
BRDA:4,0,1,1
BRF:2
BRH:2
end_of_record
TN:
SF:/home/terry/myProjects/react-starter/src/routes/App/index.js
FN:7,(anonymous_0)
FN:16,mapStateToProps
FNF:2
FNH:1
FNDA:1,(anonymous_0)
FNDA:0,mapStateToProps
DA:8,1
DA:17,0
DA:18,0
LF:3
LH:1
BRDA:10,0,0,1
BRDA:10,0,1,0
BRF:2
BRH:1
end_of_record
